Build started 11/27/2016 6:56:10 PM.
     1>Project "U:\CMPT 365\Project\VTSTI\VTSTI\VTSTI.vcxproj" on node 2 (Build target(s)).
     1>Link:
         C:\Program Files (x86)\Microsoft Visual Studio 11.0\VC\bin\link.exe /ERRORREPORT:PROMPT /OUT:"U:\CMPT 365\Project\VTSTI\Debug\VTSTI.exe" /INCREMENTAL /NOLOGO /LIBPATH:"U:\CMPT 365\opencv\build\x64\vc11\lib" opencv_world300d.lib kernel32.lib user32.lib gdi32.lib winspool.lib comdlg32.lib advapi32.lib shell32.lib ole32.lib oleaut32.lib uuid.lib odbc32.lib odbccp32.lib /MANIFEST /MANIFESTUAC:"level='asInvoker' uiAccess='false'" /manifest:embed /DEBUG /PDB:"U:\CMPT 365\Project\VTSTI\Debug\VTSTI.pdb" /SUBSYSTEM:CONSOLE /TLBID:1 /DYNAMICBASE /NXCOMPAT /IMPLIB:"U:\CMPT 365\Project\VTSTI\Debug\VTSTI.lib" /MACHINE:X86 Debug\main.obj
     1>MSVCRTD.lib(crtexe.obj) : error LNK2019: unresolved external symbol _main referenced in function ___tmainCRTStartup
     1>U:\CMPT 365\Project\VTSTI\Debug\VTSTI.exe : fatal error LNK1120: 1 unresolved externals
     1>Done Building Project "U:\CMPT 365\Project\VTSTI\VTSTI\VTSTI.vcxproj" (Build target(s)) -- FAILED.

Build FAILED.

Time Elapsed 00:00:01.45
